Nhat ky gui mail
--------------------------------------------------------------------
--------------------------------------------------------------------



23.06.2014 - 11:53 Ngay 23-06-2014 gui mail cho tranquang2807@gmail.com THANH CONG

23.06.2014 - 14:06 Ngay 23-06-2014 gui mail cho tranquang2807@gmail.com THANH CONG

23.06.2014 - 14:07 Ngay 23-06-2014 gui mail cho congnghetamviet@gmail.com THANH CONG

23.06.2014 - 14:49 Ngay 23-06-2014 gui mail cho tranquang2807@gmail.com THANH CONG

23.06.2014 - 14:50 Ngay 23-06-2014 gui mail cho congnghetamviet@gmail.com THANH CONG

23.06.2014 - 15:06 Ngay 23-06-2014 gui mail cho congnghetamviet@gmail.com THANH CONG

23.06.2014 - 15:26 Ngay 23-06-2014 gui mail cho congnghetamviet@gmail.com THANH CONG

23.06.2014 - 17:49 Ngay 23-06-2014 gui mail cho congnghetamviet@gmail.com THANH CONG

26.06.2014 - 14:24 Ngay 26-06-2014 gui mail cho congnghetamviet9@gmail.com THANH CONG

26.06.2014 - 16:53 Ngay 26-06-2014 gui mail cho congnghetamviet@gmail.com THANH CONG

26.06.2014 - 16:55 Ngay 26-06-2014 gui mail cho congnghetamviet@gmail.com THANH CONG

01.07.2014 - 14:39 Ngay 01-07-2014 gui mail cho tranquang2807@gmail.com THANH CONG

01.07.2014 - 14:52 Ngay 01-07-2014 gui mail cho congnghetamviet@gmail.com THANH CONG

04.07.2014 - 11:32 Ngay 04-07-2014 gui mail cho congnghetamviet@gmail.com THANH CONG

04.07.2014 - 11:35 Ngay 04-07-2014 gui mail cho congnghetamviet11@gmail.com THANH CONG

30.07.2014 - 09:01 Ngay 30-07-2014 gui mail cho congnghetamviet7@gmail.com THANH CONG

30.07.2014 - 09:04 Ngay 30-07-2014 gui mail cho congnghetamviet7@gmail.com THANH CONG

06.08.2014 - 15:07 Ngay 06-08-2014 gui mail cho phamvanhuong@gmail.com THANH CONG

06.08.2014 - 15:08 Ngay 06-08-2014 gui mail cho phamvanhuong@gmail.com THANH CONG

06.08.2014 - 15:10 Ngay 06-08-2014 gui mail cho phamvanhuong.hd@gmail.com THANH CONG

06.08.2014 - 15:11 Ngay 06-08-2014 gui mail cho phamvanhuong.hd@gmail.com THANH CONG

06.08.2014 - 15:12 Ngay 06-08-2014 gui mail cho phamvanhuong.hd@gmail.com THANH CONG

06.08.2014 - 15:13 Ngay 06-08-2014 gui mail cho phamvanhuong.hd@gmail.com THANH CONG

06.08.2014 - 15:17 Ngay 06-08-2014 gui mail cho phamvanhuong.hd@gmail.com THANH CONG

06.08.2014 - 15:20 Ngay 06-08-2014 gui mail cho phamvanhuong.hd@gmail.com THANH CONG

06.08.2014 - 15:20 Ngay 06-08-2014 gui mail cho phamvanhuong.hd@gmail.com THANH CONG

06.08.2014 - 15:22 Ngay 06-08-2014 gui mail cho phamvanhuong.hd@gmail.com THANH CONG

06.08.2014 - 15:23 Ngay 06-08-2014 gui mail cho phamvanhuong.hd@gmail.com THANH CONG

06.08.2014 - 15:23 Ngay 06-08-2014 gui mail cho phamvanhuong.hd@gmail.com THANH CONG

06.08.2014 - 15:24 Ngay 06-08-2014 gui mail cho phamvanhuong.hd@gmail.com THANH CONG

06.08.2014 - 15:24 Ngay 06-08-2014 gui mail cho phamvanhuong.hd@gmail.com THANH CONG

06.08.2014 - 15:28 Ngay 06-08-2014 gui mail cho phamvanhuong.hd@gmail.com THANH CONG

06.08.2014 - 15:29 Ngay 06-08-2014 gui mail cho phamvanhuong.hd@gmail.com THANH CONG

06.08.2014 - 15:41 Ngay 06-08-2014 gui mail cho phamvanhuong.hd@gmail.com THANH CONG

06.08.2014 - 16:39 Ngay 06-08-2014 gui mail cho phamvanhuong.hd@gmail.com THANH CONG

06.08.2014 - 16:44 Ngay 06-08-2014 gui mail cho phamvanhuong.hd@gmail.com THANH CONG

06.08.2014 - 16:53 Ngay 06-08-2014 gui mail cho phamvanhuong.hd@gmail.com THANH CONG

06.08.2014 - 17:09 Ngay 06-08-2014 gui mail cho phamvanhuong.hd@gmail.com THANH CONG

06.08.2014 - 17:09 Ngay 06-08-2014 gui mail cho phamvanhuong.hd@gmail.com THANH CONG

06.08.2014 - 17:27 Ngay 06-08-2014 gui mail cho phamvanhuong.hd@gmail.com THANH CONG

06.08.2014 - 17:35 Ngay 06-08-2014 gui mail cho haoxaquetoi@gmail.com THANH CONG

06.08.2014 - 17:45 Ngay 06-08-2014 gui mail cho haoxaquetoi@gmail.com THANH CONG

06.08.2014 - 17:45 Ngay 06-08-2014 gui mail cho haoxaquetoi@gmail.com THANH CONG

06.08.2014 - 17:45 Ngay 06-08-2014 gui mail cho haoxaquetoi@gmail.com THANH CONG

06.08.2014 - 17:48 Ngay 06-08-2014 gui mail cho phamvanhuong.hd@gmail.com THANH CONG

07.08.2014 - 11:08 Ngay 07-08-2014 gui mail cho huong@gmail.com THANH CONG

07.08.2014 - 11:09 Ngay 07-08-2014 gui mail cho haoxaquetoi@gmail.com THANH CONG

07.08.2014 - 11:11 Ngay 07-08-2014 gui mail cho aa@gmail.com THANH CONG

07.08.2014 - 14:12 Ngay 07-08-2014 gui mail cho phamvanhuong.it@gmail.com THANH CONG

08.08.2014 - 15:36 Ngay 08-08-2014 gui mail cho sdfs222df@gmail.com THANH CONG

08.08.2014 - 15:36 Ngay 08-08-2014 gui mail cho sd111111fsdf@gmail.com THANH CONG

08.08.2014 - 16:01 Ngay 08-08-2014 gui mail cho phamvanhuong.hd@gmail.com THANH CONG

08.08.2014 - 17:46 Ngay 08-08-2014 gui mail cho phamvanhuong.hd@gmail.com THANH CONG

08.08.2014 - 17:52 Ngay 08-08-2014 gui mail cho phamvanhuong.hd@gmail.com THANH CONG

08.08.2014 - 17:53 Ngay 08-08-2014 gui mail cho phamvanhuong.hd@gmail.com THANH CONG

08.08.2014 - 18:05 Ngay 08-08-2014 gui mail cho phamvanhuong.hd@gmail.com THANH CONG

11.08.2014 - 10:31 Ngay 11-08-2014 gui mail cho phamvanhuong.hd@gmail.com THANH CONG

11.08.2014 - 10:43 Ngay 11-08-2014 gui mail cho phamvanhuong.hd@gmail.com THANH CONG

11.08.2014 - 10:44 Ngay 11-08-2014 gui mail cho phamvanhuong.hd@gmail.com THANH CONG

11.08.2014 - 10:45 Ngay 11-08-2014 gui mail cho phamvanhuong.hd@gmail.com THANH CONG

11.08.2014 - 10:45 Ngay 11-08-2014 gui mail cho phamvanhuong.hd@gmail.com THANH CONG

11.08.2014 - 10:47 Ngay 11-08-2014 gui mail cho phamvanhuong.hd@gmail.com THANH CONG

11.08.2014 - 10:51 Ngay 11-08-2014 gui mail cho phamvanhuong.hd@gmail.com THANH CONG

11.08.2014 - 10:52 Ngay 11-08-2014 gui mail cho phamvanhuong.hd@gmail.com THANH CONG

11.08.2014 - 10:54 Ngay 11-08-2014 gui mail cho phamvanhuong.hd@gmail.com THANH CONG

11.08.2014 - 10:58 Ngay 11-08-2014 gui mail cho phamvanhuong.hd@gmail.com THANH CONG

11.08.2014 - 11:00 Ngay 11-08-2014 gui mail cho phamvanhuong.hd@gmail.com THANH CONG

11.08.2014 - 11:01 Ngay 11-08-2014 gui mail cho phamvanhuong.hd@gmail.com THANH CONG

11.08.2014 - 11:02 Ngay 11-08-2014 gui mail cho phamvanhuong.hd@gmail.com THANH CONG

11.08.2014 - 14:43 Ngay 11-08-2014 gui mail cho phamvanhuong.hd@gmail.com THANH CONG

12.08.2014 - 09:07 Ngay 12-08-2014 gui mail cho phamvanhuong.hd@gmail.com THANH CONG

12.08.2014 - 09:11 Ngay 12-08-2014 gui mail cho phamvanhuong.hd@gmail.com THANH CONG

12.08.2014 - 09:13 Ngay 12-08-2014 gui mail cho phamvanhuong.hd@gmail.com THANH CONG

12.08.2014 - 09:14 Ngay 12-08-2014 gui mail cho phamvanhuong.hd@gmail.com THANH CONG

13.08.2014 - 09:52 Ngay 13-08-2014 gui mail cho phamvanhuong.hd@gmail.com THANH CONG

13.08.2014 - 14:30 Ngay 13-08-2014 gui mail cho congnghetamviet@gmail.com THANH CONG

13.08.2014 - 14:31 Ngay 13-08-2014 gui mail cho congnghetamviet@gmail.com THANH CONG

13.08.2014 - 16:04 Ngay 13-08-2014 gui mail cho congnghetamviet@gmail.com THANH CONG

13.08.2014 - 16:06 Ngay 13-08-2014 gui mail cho congnghetamviet@gmail.com THANH CONG

15.08.2014 - 16:10 Ngay 15-08-2014 gui mail cho phamvanhuong.hd@gmail.com THANH CONG

15.08.2014 - 16:15 Ngay 15-08-2014 gui mail cho haoxaquetoi@gmail.com THANH CONG

15.08.2014 - 17:19 Ngay 15-08-2014 gui mail cho haoxaquetoi@gmail.com THANH CONG

19.08.2014 - 13:44 Ngay 19-08-2014 gui mail cho phamvanhuong.it@gmail.com THANH CONG

29.08.2014 - 13:26 Ngay 29-08-2014 gui mail cho tranquang2807@gmail.com THANH CONG

29.08.2014 - 13:51 Ngay 29-08-2014 gui mail cho tranquang2807@gmail.com THANH CONG

29.08.2014 - 15:38 Ngay 29-08-2014 gui mail cho tranquang2807@gmail.com THANH CONG

29.08.2014 - 15:41 Ngay 29-08-2014 gui mail cho tranquang2807@gmail.com THANH CONG

29.08.2014 - 15:44 Ngay 29-08-2014 gui mail cho tranquang2807@gmail.com THANH CONG

29.08.2014 - 17:23 Ngay 29-08-2014 gui mail cho emailtpbacgiang@gmail.com THANH CONG

08.09.2014 - 17:39 Ngay 08-09-2014 gui mail cho tranquang2807@gmail.com THANH CONG

08.09.2014 - 17:40 Ngay 08-09-2014 gui mail cho phamvanhuong.hd@gmail.com THANH CONG

10.09.2014 - 04:34 Ngay 10-09-2014 gui mail cho emailsogiaoduc@gmail.com THANH CONG

10.09.2014 - 04:54 Ngay 10-09-2014 gui mail cho emailsogiaoduc@gmail.com THANH CONG

10.09.2014 - 11:47 Ngay 10-09-2014 gui mail cho emailsogiaoduc@gmail.com THANH CONG

01.10.2014 - 15:22 Ngay 01-10-2014 gui mail cho phamvanhuong.hd@gmail.com THANH CONG

01.10.2014 - 15:39 Ngay 01-10-2014 gui mail cho phamvanhuong.hd@gmail.com THANH CONG

01.10.2014 - 15:48 Ngay 01-10-2014 gui mail cho phamvanhuong.hd@gmail.com THANH CONG

01.10.2014 - 15:56 Ngay 01-10-2014 gui mail cho haoxaquetoi@gmail.com THANH CONG

01.10.2014 - 15:58 Ngay 01-10-2014 gui mail cho haoxaquetoi@gmail.com THANH CONG

01.10.2014 - 16:04 Ngay 01-10-2014 gui mail cho haoxaquetoi@gmail.com THANH CONG

02.10.2014 - 08:59 Ngay 02-10-2014 gui mail cho phamvanhuong.hd@gmail.com THANH CONG

02.10.2014 - 09:08 Ngay 02-10-2014 gui mail cho phamvanhuong.hd@gmail.com THANH CONG

02.10.2014 - 09:11 Ngay 02-10-2014 gui mail cho phamvanhuong.hd@gmail.com THANH CONG

02.10.2014 - 09:15 Ngay 02-10-2014 gui mail cho phamvanhuong.hd@gmail.com THANH CONG

02.10.2014 - 09:15 Ngay 02-10-2014 gui mail cho phamvanhuong.hd@gmail.com THANH CONG

02.10.2014 - 10:14 Ngay 02-10-2014 gui mail cho phamvanhuong.hd@gmail.com THANH CONG

02.10.2014 - 10:14 Ngay 02-10-2014 gui mail cho phamvanhuong.hd@gmail.com THANH CONG

02.10.2014 - 13:15 Ngay 02-10-2014 gui mail cho phamvanhuong.hd@gmail.com THANH CONG

02.10.2014 - 13:38 Ngay 02-10-2014 gui mail cho phamvanhuong.hd@gmail.com THANH CONG

02.10.2014 - 13:55 Ngay 02-10-2014 gui mail cho haoxaquetoi@gmail.com THANH CONG

02.10.2014 - 14:05 Ngay 02-10-2014 gui mail cho phamvanhuong.hd@gmail.com THANH CONG

02.10.2014 - 16:02 Ngay 02-10-2014 gui mail cho phamvanhuong.hd@gmail.com THANH CONG

02.10.2014 - 16:10 Ngay 02-10-2014 gui mail cho phamvanhuong.hd@gmail.com THANH CONG

02.10.2014 - 16:12 Ngay 02-10-2014 gui mail cho phamvanhuong.hd@gmail.com THANH CONG

02.10.2014 - 16:12 Ngay 02-10-2014 gui mail cho phamvanhuong.hd@gmail.com THANH CONG

02.10.2014 - 16:55 Ngay 02-10-2014 gui mail cho phamvanhuong.hd@gmail.com THANH CONG

06.10.2014 - 14:28 Ngay 06-10-2014 gui mail cho emailtpbacgiang@gmail.com THANH CONG

14.01.2015 - 16:58 Ngay 14-01-2015 gui mail cho phamvanhuong.hd@gmail.com THANH CONG

12.03.2015 - 13:37 Ngay 12-03-2015 gui mail cho emailtpbacgiang@gmail.com THANH CONG

12.03.2015 - 13:42 Ngay 12-03-2015 gui mail cho emailtpbacgiang@gmail.com THANH CONG

12.03.2015 - 13:48 Ngay 12-03-2015 gui mail cho emailtpbacgiang@gmail.com THANH CONG

12.03.2015 - 13:54 Ngay 12-03-2015 gui mail cho emailtpbacgiang@gmail.com THANH CONG

12.03.2015 - 14:06 Ngay 12-03-2015 gui mail cho emailtpbacgiang@gmail.com THANH CONG

12.03.2015 - 14:13 Ngay 12-03-2015 gui mail cho emailtpbacgiang@gmail.com THANH CONG

12.03.2015 - 14:22 Ngay 12-03-2015 gui mail cho emailtpbacgiang@gmail.com THANH CONG

12.03.2015 - 14:23 Ngay 12-03-2015 gui mail cho emailtpbacgiang@gmail.com THANH CONG

12.03.2015 - 14:28 Ngay 12-03-2015 gui mail cho emailtpbacgiang@gmail.com THANH CONG

03.07.2015 - 22:47 Ngay 03-07-2015 gui mail cho manhcuongmoha@gmail.com THANH CONG

04.07.2015 - 11:23 Ngay 04-07-2015 gui mail cho emailtpbacgiang@gmail.com THANH CONG

04.07.2015 - 11:24 Ngay 04-07-2015 gui mail cho emailtpbacgiang@gmail.com THANH CONG

04.07.2015 - 11:24 Ngay 04-07-2015 gui mail cho emailtpbacgiang@gmail.com THANH CONG

04.07.2015 - 11:30 Ngay 04-07-2015 gui mail cho emailtpbacgiang@gmail.com THANH CONG

04.07.2015 - 11:31 Ngay 04-07-2015 gui mail cho emailtpbacgiang@gmail.com THANH CONG

04.07.2015 - 14:35 Ngay 04-07-2015 gui mail cho emailtpbacgiang@gmail.com THANH CONG

06.07.2015 - 08:44 Ngay 06-07-2015 gui mail cho emailtpbacgiang@gmail.com THANH CONG

06.07.2015 - 08:44 Ngay 06-07-2015 gui mail cho emailtpbacgiang@gmail.com THANH CONG

06.07.2015 - 08:45 Ngay 06-07-2015 gui mail cho emailtpbacgiang@gmail.com THANH CONG

06.07.2015 - 14:04 Ngay 06-07-2015 gui mail cho emailtpbacgiang@gmail.com THANH CONG

06.07.2015 - 14:05 Ngay 06-07-2015 gui mail cho emailtpbacgiang@gmail.com THANH CONG

06.07.2015 - 14:15 Ngay 06-07-2015 gui mail cho emailtpbacgiang@gmail.com THANH CONG

06.07.2015 - 14:18 Ngay 06-07-2015 gui mail cho emailtpbacgiang@gmail.com THANH CONG

06.07.2015 - 14:21 Ngay 06-07-2015 gui mail cho emailtpbacgiang@gmail.com THANH CONG

06.07.2015 - 14:27 Ngay 06-07-2015 gui mail cho emailtpbacgiang@gmail.com THANH CONG

06.07.2015 - 14:29 Ngay 06-07-2015 gui mail cho emailtpbacgiang@gmail.com THANH CONG

07.07.2015 - 08:48 Ngay 07-07-2015 gui mail cho emailtpbacgiang@gmail.com THANH CONG

30.07.2015 - 14:44 Ngay 30-07-2015 gui mail cho ltbinh@gmail.com THANH CONG

30.07.2015 - 14:49 Ngay 30-07-2015 gui mail cho emailtpbacgiang@gmail.com THANH CONG

05.08.2015 - 08:42 Ngay 05-08-2015 gui mail cho nongvannghi@gmail.com THANH CONG

05.08.2015 - 08:49 Ngay 05-08-2015 gui mail cho emailtpbacgiang@gmail.com THANH CONG

11.08.2015 - 09:19 Ngay 11-08-2015 gui mail cho emailtpbacgiang@gmail.com THANH CONG

12.08.2015 - 14:49 Ngay 12-08-2015 gui mail cho emailtpbacgiang@gmail.com THANH CONG

13.08.2015 - 09:42 Ngay 13-08-2015 gui mail cho emailyenthe@gmail.com THANH CONG

13.08.2015 - 09:49 Ngay 13-08-2015 gui mail cho emailyenthe@gmail.com THANH CONG

13.08.2015 - 09:51 Ngay 13-08-2015 gui mail cho emailyenthe@gmail.com THANH CONG

13.08.2015 - 09:53 Ngay 13-08-2015 gui mail cho emailyenthe@gmail.com THANH CONG

13.08.2015 - 10:03 Ngay 13-08-2015 gui mail cho emailyenthe@gmail.com THANH CONG

13.08.2015 - 10:08 Ngay 13-08-2015 gui mail cho emailyenthe@gmail.com THANH CONG

13.08.2015 - 10:11 Ngay 13-08-2015 gui mail cho emailyenthe@gmail.com THANH CONG

13.08.2015 - 10:19 Ngay 13-08-2015 gui mail cho emailyenthe@gmail.com THANH CONG

13.08.2015 - 10:22 Ngay 13-08-2015 gui mail cho emailyenthe@gmail.com THANH CONG

13.08.2015 - 10:27 Ngay 13-08-2015 gui mail cho lloydbank26@gmail.com THANH CONG

13.08.2015 - 10:31 Ngay 13-08-2015 gui mail cho emailyenthe@gmail.com THANH CONG

13.08.2015 - 10:39 Ngay 13-08-2015 gui mail cho emailyenthe@gmail.com THANH CONG

13.08.2015 - 10:40 Ngay 13-08-2015 gui mail cho emailyenthe@gmail.com THANH CONG

13.08.2015 - 10:46 Ngay 13-08-2015 gui mail cho emailyenthe@gmail.com THANH CONG

13.08.2015 - 10:49 Ngay 13-08-2015 gui mail cho emailyenthe@gmail.com THANH CONG

13.08.2015 - 10:50 Ngay 13-08-2015 gui mail cho emailyenthe@gmail.com THANH CONG

13.08.2015 - 10:51 Ngay 13-08-2015 gui mail cho emailyenthe@gmail.com THANH CONG

13.08.2015 - 10:52 Ngay 13-08-2015 gui mail cho emailyenthe@gmail.com THANH CONG

13.08.2015 - 10:57 Ngay 13-08-2015 gui mail cho emailyenthe@gmail.com THANH CONG

13.08.2015 - 11:02 Ngay 13-08-2015 gui mail cho emailyenthe@gmail.com THANH CONG

13.08.2015 - 11:06 Ngay 13-08-2015 gui mail cho motcua.tamviettech@gmail.com THANH CONG

13.08.2015 - 11:07 Ngay 13-08-2015 gui mail cho motcua.tamviettech@gmail.com THANH CONG

13.08.2015 - 11:08 Ngay 13-08-2015 gui mail cho motcua.tamviettech@gmail.com THANH CONG

13.08.2015 - 11:15 Ngay 13-08-2015 gui mail cho motcua.tamviettech@gmail.com THANH CONG

13.08.2015 - 11:17 Ngay 13-08-2015 gui mail cho motcua.tamviettech@gmail.com THANH CONG

13.08.2015 - 11:19 Ngay 13-08-2015 gui mail cho motcua.tamviettech@gmail.com THANH CONG

13.08.2015 - 11:41 Ngay 13-08-2015 gui mail cho emailyenthe@gmail.com THANH CONG

13.08.2015 - 11:50 Ngay 13-08-2015 gui mail cho emailyenthe@gmail.com THANH CONG

13.08.2015 - 12:19 Ngay 13-08-2015 gui mail cho emailyenthe@gmail.com THANH CONG

13.08.2015 - 13:25 Ngay 13-08-2015 gui mail cho chithanh130794@gmail.com THANH CONG

14.08.2015 - 15:02 Ngay 14-08-2015 gui mail cho emailyenthe@gmail.com THANH CONG

20.08.2015 - 11:26 Ngay 20-08-2015 gui mail cho emailyenthe@gmail.com THANH CONG

20.08.2015 - 14:13 Ngay 20-08-2015 gui mail cho emailyenthe@gmail.com THANH CONG

20.08.2015 - 14:21 Ngay 20-08-2015 gui mail cho emailyenthe@gmail.com THANH CONG

20.08.2015 - 15:19 Ngay 20-08-2015 gui mail cho emailtpbacgiang@gmail.com THANH CONG

21.08.2015 - 14:15 Ngay 21-08-2015 gui mail cho vietduc2016@gmail.com THANH CONG

22.08.2015 - 09:20 Ngay 22-08-2015 gui mail cho a@gmail.com THANH CONG

27.08.2015 - 10:38 Ngay 27-08-2015 gui mail cho thien.onoff@gmail.com THANH CONG

01.09.2015 - 09:56 Ngay 01-09-2015 gui mail cho emailyenthe@gmail.com THANH CONG

01.09.2015 - 11:10 Ngay 01-09-2015 gui mail cho emailyenthe@gmail.com THANH CONG

01.09.2015 - 11:32 Ngay 01-09-2015 gui mail cho emailyenthe@gmail.com THANH CONG

01.09.2015 - 11:39 Ngay 01-09-2015 gui mail cho emailyenthe@gmail.com THANH CONG

15.09.2015 - 10:10 Ngay 15-09-2015 gui mail cho emaillucnam@gmail.com THANH CONG

15.09.2015 - 10:11 Ngay 15-09-2015 gui mail cho emaillucnam@gmail.com THANH CONG

15.09.2015 - 10:19 Ngay 15-09-2015 gui mail cho emaillucnam@gmail.com THANH CONG

15.09.2015 - 10:49 Ngay 15-09-2015 gui mail cho emaillucnam@gmail.com THANH CONG

15.09.2015 - 11:20 Ngay 15-09-2015 gui mail cho emaillucnam@gmail.com THANH CONG

15.09.2015 - 11:50 Ngay 15-09-2015 gui mail cho emaillucnam@gmail.com THANH CONG

15.09.2015 - 12:20 Ngay 15-09-2015 gui mail cho emaillucnam@gmail.com THANH CONG

15.09.2015 - 12:49 Ngay 15-09-2015 gui mail cho emaillucnam@gmail.com THANH CONG

15.09.2015 - 13:20 Ngay 15-09-2015 gui mail cho emaillucnam@gmail.com THANH CONG

15.09.2015 - 13:49 Ngay 15-09-2015 gui mail cho emaillucnam@gmail.com THANH CONG

15.09.2015 - 14:19 Ngay 15-09-2015 gui mail cho emaillucnam@gmail.com THANH CONG

15.09.2015 - 14:49 Ngay 15-09-2015 gui mail cho emaillucnam@gmail.com THANH CONG

15.09.2015 - 15:20 Ngay 15-09-2015 gui mail cho emaillucnam@gmail.com THANH CONG

15.09.2015 - 15:49 Ngay 15-09-2015 gui mail cho emaillucnam@gmail.com THANH CONG

15.09.2015 - 16:19 Ngay 15-09-2015 gui mail cho emaillucnam@gmail.com THANH CONG

15.09.2015 - 16:50 Ngay 15-09-2015 gui mail cho emaillucnam@gmail.com THANH CONG

15.09.2015 - 17:20 Ngay 15-09-2015 gui mail cho emaillucnam@gmail.com THANH CONG

15.09.2015 - 17:50 Ngay 15-09-2015 gui mail cho emaillucnam@gmail.com THANH CONG

15.09.2015 - 18:20 Ngay 15-09-2015 gui mail cho emaillucnam@gmail.com THANH CONG

15.09.2015 - 18:50 Ngay 15-09-2015 gui mail cho emaillucnam@gmail.com THANH CONG

15.09.2015 - 19:20 Ngay 15-09-2015 gui mail cho emaillucnam@gmail.com THANH CONG

15.09.2015 - 19:50 Ngay 15-09-2015 gui mail cho emaillucnam@gmail.com THANH CONG

15.09.2015 - 20:20 Ngay 15-09-2015 gui mail cho emaillucnam@gmail.com THANH CONG

15.09.2015 - 20:50 Ngay 15-09-2015 gui mail cho emaillucnam@gmail.com THANH CONG

15.09.2015 - 21:20 Ngay 15-09-2015 gui mail cho emaillucnam@gmail.com THANH CONG

15.09.2015 - 21:50 Ngay 15-09-2015 gui mail cho emaillucnam@gmail.com THANH CONG

15.09.2015 - 22:20 Ngay 15-09-2015 gui mail cho emaillucnam@gmail.com THANH CONG

15.09.2015 - 22:50 Ngay 15-09-2015 gui mail cho emaillucnam@gmail.com THANH CONG

15.09.2015 - 23:50 Ngay 15-09-2015 gui mail cho emaillucnam@gmail.com THANH CONG

16.09.2015 - 00:20 Ngay 16-09-2015 gui mail cho emaillucnam@gmail.com THANH CONG

16.09.2015 - 00:50 Ngay 16-09-2015 gui mail cho emaillucnam@gmail.com THANH CONG

16.09.2015 - 01:50 Ngay 16-09-2015 gui mail cho emaillucnam@gmail.com THANH CONG

16.09.2015 - 02:19 Ngay 16-09-2015 gui mail cho emaillucnam@gmail.com THANH CONG

16.09.2015 - 02:50 Ngay 16-09-2015 gui mail cho emaillucnam@gmail.com THANH CONG

16.09.2015 - 03:20 Ngay 16-09-2015 gui mail cho emaillucnam@gmail.com THANH CONG

16.09.2015 - 03:49 Ngay 16-09-2015 gui mail cho emaillucnam@gmail.com THANH CONG

16.09.2015 - 04:20 Ngay 16-09-2015 gui mail cho emaillucnam@gmail.com THANH CONG

16.09.2015 - 04:50 Ngay 16-09-2015 gui mail cho emaillucnam@gmail.com THANH CONG

16.09.2015 - 05:20 Ngay 16-09-2015 gui mail cho emaillucnam@gmail.com THANH CONG

16.09.2015 - 05:50 Ngay 16-09-2015 gui mail cho emaillucnam@gmail.com THANH CONG

16.09.2015 - 06:19 Ngay 16-09-2015 gui mail cho emaillucnam@gmail.com THANH CONG

16.09.2015 - 06:50 Ngay 16-09-2015 gui mail cho emaillucnam@gmail.com THANH CONG

16.09.2015 - 07:19 Ngay 16-09-2015 gui mail cho emaillucnam@gmail.com THANH CONG

16.09.2015 - 07:49 Ngay 16-09-2015 gui mail cho emaillucnam@gmail.com THANH CONG

16.09.2015 - 08:19 Ngay 16-09-2015 gui mail cho emaillucnam@gmail.com THANH CONG

16.09.2015 - 08:49 Ngay 16-09-2015 gui mail cho emaillucnam@gmail.com THANH CONG

16.09.2015 - 09:20 Ngay 16-09-2015 gui mail cho emaillucnam@gmail.com THANH CONG

16.09.2015 - 09:50 Ngay 16-09-2015 gui mail cho emaillucnam@gmail.com THANH CONG

16.09.2015 - 10:19 Ngay 16-09-2015 gui mail cho emaillucnam@gmail.com THANH CONG

16.09.2015 - 10:50 Ngay 16-09-2015 gui mail cho emaillucnam@gmail.com THANH CONG

16.09.2015 - 11:20 Ngay 16-09-2015 gui mail cho emaillucnam@gmail.com THANH CONG

16.09.2015 - 11:20 Ngay 16-09-2015 gui mail cho emailtpbacgiang@gmail.com THANH CONG

16.09.2015 - 11:50 Ngay 16-09-2015 gui mail cho emaillucnam@gmail.com THANH CONG

16.09.2015 - 12:20 Ngay 16-09-2015 gui mail cho emaillucnam@gmail.com THANH CONG

16.09.2015 - 12:50 Ngay 16-09-2015 gui mail cho emaillucnam@gmail.com THANH CONG

16.09.2015 - 13:20 Ngay 16-09-2015 gui mail cho emaillucnam@gmail.com THANH CONG

16.09.2015 - 13:50 Ngay 16-09-2015 gui mail cho emaillucnam@gmail.com THANH CONG

16.09.2015 - 14:19 Ngay 16-09-2015 gui mail cho emaillucnam@gmail.com THANH CONG

16.09.2015 - 14:49 Ngay 16-09-2015 gui mail cho emaillucnam@gmail.com THANH CONG

16.09.2015 - 15:19 Ngay 16-09-2015 gui mail cho emaillucnam@gmail.com THANH CONG

16.09.2015 - 15:50 Ngay 16-09-2015 gui mail cho emaillucnam@gmail.com THANH CONG

16.09.2015 - 16:19 Ngay 16-09-2015 gui mail cho emaillucnam@gmail.com THANH CONG

16.09.2015 - 16:50 Ngay 16-09-2015 gui mail cho emaillucnam@gmail.com THANH CONG

16.09.2015 - 17:20 Ngay 16-09-2015 gui mail cho emaillucnam@gmail.com THANH CONG

16.09.2015 - 17:50 Ngay 16-09-2015 gui mail cho emaillucnam@gmail.com THANH CONG

16.09.2015 - 18:20 Ngay 16-09-2015 gui mail cho emaillucnam@gmail.com THANH CONG

16.09.2015 - 18:50 Ngay 16-09-2015 gui mail cho emaillucnam@gmail.com THANH CONG

16.09.2015 - 19:20 Ngay 16-09-2015 gui mail cho emaillucnam@gmail.com THANH CONG

16.09.2015 - 19:50 Ngay 16-09-2015 gui mail cho emaillucnam@gmail.com THANH CONG

16.09.2015 - 20:20 Ngay 16-09-2015 gui mail cho emaillucnam@gmail.com THANH CONG

16.09.2015 - 20:50 Ngay 16-09-2015 gui mail cho emaillucnam@gmail.com THANH CONG

16.09.2015 - 21:20 Ngay 16-09-2015 gui mail cho emaillucnam@gmail.com THANH CONG

16.09.2015 - 21:50 Ngay 16-09-2015 gui mail cho emaillucnam@gmail.com THANH CONG

16.09.2015 - 22:20 Ngay 16-09-2015 gui mail cho emaillucnam@gmail.com THANH CONG

16.09.2015 - 22:50 Ngay 16-09-2015 gui mail cho emaillucnam@gmail.com THANH CONG

16.09.2015 - 23:20 Ngay 16-09-2015 gui mail cho emaillucnam@gmail.com THANH CONG

16.09.2015 - 23:50 Ngay 16-09-2015 gui mail cho emaillucnam@gmail.com THANH CONG

17.09.2015 - 00:20 Ngay 17-09-2015 gui mail cho emaillucnam@gmail.com THANH CONG

17.09.2015 - 00:50 Ngay 17-09-2015 gui mail cho emaillucnam@gmail.com THANH CONG

17.09.2015 - 01:20 Ngay 17-09-2015 gui mail cho emaillucnam@gmail.com THANH CONG

17.09.2015 - 01:50 Ngay 17-09-2015 gui mail cho emaillucnam@gmail.com THANH CONG

17.09.2015 - 02:20 Ngay 17-09-2015 gui mail cho emaillucnam@gmail.com THANH CONG

17.09.2015 - 02:50 Ngay 17-09-2015 gui mail cho emaillucnam@gmail.com THANH CONG

17.09.2015 - 03:20 Ngay 17-09-2015 gui mail cho emaillucnam@gmail.com THANH CONG

17.09.2015 - 03:50 Ngay 17-09-2015 gui mail cho emaillucnam@gmail.com THANH CONG

17.09.2015 - 04:20 Ngay 17-09-2015 gui mail cho emaillucnam@gmail.com THANH CONG

17.09.2015 - 04:50 Ngay 17-09-2015 gui mail cho emaillucnam@gmail.com THANH CONG

17.09.2015 - 05:20 Ngay 17-09-2015 gui mail cho emaillucnam@gmail.com THANH CONG

17.09.2015 - 05:50 Ngay 17-09-2015 gui mail cho emaillucnam@gmail.com THANH CONG

17.09.2015 - 06:20 Ngay 17-09-2015 gui mail cho emaillucnam@gmail.com THANH CONG

17.09.2015 - 06:50 Ngay 17-09-2015 gui mail cho emaillucnam@gmail.com THANH CONG

17.09.2015 - 07:19 Ngay 17-09-2015 gui mail cho emaillucnam@gmail.com THANH CONG

17.09.2015 - 07:50 Ngay 17-09-2015 gui mail cho emaillucnam@gmail.com THANH CONG

17.09.2015 - 08:19 Ngay 17-09-2015 gui mail cho emaillucnam@gmail.com THANH CONG

17.09.2015 - 08:50 Ngay 17-09-2015 gui mail cho emaillucnam@gmail.com THANH CONG

17.09.2015 - 09:19 Ngay 17-09-2015 gui mail cho emaillucnam@gmail.com THANH CONG

17.09.2015 - 09:22 Ngay 17-09-2015 gui mail cho emailhiephoa@gmail.com THANH CONG

17.09.2015 - 09:23 Ngay 17-09-2015 gui mail cho emailhiephoa@gmail.com THANH CONG

17.09.2015 - 09:50 Ngay 17-09-2015 gui mail cho emaillucnam@gmail.com THANH CONG

17.09.2015 - 09:50 Ngay 17-09-2015 gui mail cho emailhiephoa@gmail.com THANH CONG

17.09.2015 - 09:52 Ngay 17-09-2015 gui mail cho emailyenthe@gmail.com THANH CONG

17.09.2015 - 10:19 Ngay 17-09-2015 gui mail cho emaillucnam@gmail.com THANH CONG

17.09.2015 - 10:20 Ngay 17-09-2015 gui mail cho emailhiephoa@gmail.com THANH CONG

17.09.2015 - 10:49 Ngay 17-09-2015 gui mail cho emaillucnam@gmail.com THANH CONG

17.09.2015 - 10:50 Ngay 17-09-2015 gui mail cho emailhiephoa@gmail.com THANH CONG

17.09.2015 - 11:19 Ngay 17-09-2015 gui mail cho emaillucnam@gmail.com THANH CONG

17.09.2015 - 11:20 Ngay 17-09-2015 gui mail cho emailhiephoa@gmail.com THANH CONG

17.09.2015 - 11:50 Ngay 17-09-2015 gui mail cho emaillucnam@gmail.com THANH CONG

17.09.2015 - 11:50 Ngay 17-09-2015 gui mail cho emailhiephoa@gmail.com THANH CONG

17.09.2015 - 12:19 Ngay 17-09-2015 gui mail cho emaillucnam@gmail.com THANH CONG

17.09.2015 - 12:20 Ngay 17-09-2015 gui mail cho emailhiephoa@gmail.com THANH CONG

17.09.2015 - 12:50 Ngay 17-09-2015 gui mail cho emaillucnam@gmail.com THANH CONG

17.09.2015 - 12:50 Ngay 17-09-2015 gui mail cho emailhiephoa@gmail.com THANH CONG

17.09.2015 - 13:20 Ngay 17-09-2015 gui mail cho emaillucnam@gmail.com THANH CONG

17.09.2015 - 13:20 Ngay 17-09-2015 gui mail cho emailhiephoa@gmail.com THANH CONG

17.09.2015 - 13:50 Ngay 17-09-2015 gui mail cho emaillucnam@gmail.com THANH CONG

17.09.2015 - 13:50 Ngay 17-09-2015 gui mail cho emailhiephoa@gmail.com THANH CONG

17.09.2015 - 14:49 Ngay 17-09-2015 gui mail cho emaillucnam@gmail.com THANH CONG

17.09.2015 - 14:50 Ngay 17-09-2015 gui mail cho emailhiephoa@gmail.com THANH CONG

17.09.2015 - 15:20 Ngay 17-09-2015 gui mail cho emaillucnam@gmail.com THANH CONG

17.09.2015 - 15:20 Ngay 17-09-2015 gui mail cho emailhiephoa@gmail.com THANH CONG

17.09.2015 - 15:50 Ngay 17-09-2015 gui mail cho emaillucnam@gmail.com THANH CONG

17.09.2015 - 15:50 Ngay 17-09-2015 gui mail cho emailhiephoa@gmail.com THANH CONG

17.09.2015 - 16:20 Ngay 17-09-2015 gui mail cho emaillucnam@gmail.com THANH CONG

17.09.2015 - 16:20 Ngay 17-09-2015 gui mail cho emailhiephoa@gmail.com THANH CONG

17.09.2015 - 16:48 Ngay 17-09-2015 gui mail cho emaillucnam@gmail.com THANH CONG

17.09.2015 - 16:48 Ngay 17-09-2015 gui mail cho emailhiephoa@gmail.com THANH CONG

17.09.2015 - 17:18 Ngay 17-09-2015 gui mail cho emaillucnam@gmail.com THANH CONG

17.09.2015 - 17:18 Ngay 17-09-2015 gui mail cho emailhiephoa@gmail.com THANH CONG

17.09.2015 - 17:36 Ngay 17-09-2015 gui mail cho emailyenthe@gmail.com THANH CONG

17.09.2015 - 17:48 Ngay 17-09-2015 gui mail cho emaillucnam@gmail.com THANH CONG

17.09.2015 - 17:48 Ngay 17-09-2015 gui mail cho emailhiephoa@gmail.com THANH CONG

17.09.2015 - 17:48 Ngay 17-09-2015 gui mail cho emailyenthe@gmail.com THANH CONG

17.09.2015 - 18:11 Ngay 17-09-2015 gui mail cho emailhiephoa@gmail.com THANH CONG

17.09.2015 - 18:13 Ngay 17-09-2015 gui mail cho emailyenthe@gmail.com THANH CONG

17.09.2015 - 18:17 Ngay 17-09-2015 gui mail cho emailyenthe@gmail.com THANH CONG

17.09.2015 - 18:18 Ngay 17-09-2015 gui mail cho emaillucnam@gmail.com THANH CONG

17.09.2015 - 18:18 Ngay 17-09-2015 gui mail cho emailhiephoa@gmail.com THANH CONG

17.09.2015 - 18:18 Ngay 17-09-2015 gui mail cho emailyenthe@gmail.com THANH CONG

17.09.2015 - 18:19 Ngay 17-09-2015 gui mail cho emailhiephoa@gmail.com THANH CONG

17.09.2015 - 18:19 Ngay 17-09-2015 gui mail cho emailyenthe@gmail.com THANH CONG

17.09.2015 - 18:31 Ngay 17-09-2015 gui mail cho emailyenthe@gmail.com THANH CONG

17.09.2015 - 18:31 Ngay 17-09-2015 gui mail cho emaillucnam@gmail.com THANH CONG

17.09.2015 - 18:32 Ngay 17-09-2015 gui mail cho emaillucnam@gmail.com THANH CONG

17.09.2015 - 18:33 Ngay 17-09-2015 gui mail cho emailyenthe@gmail.com THANH CONG

17.09.2015 - 18:37 Ngay 17-09-2015 gui mail cho emailyenthe@gmail.com THANH CONG

17.09.2015 - 18:48 Ngay 17-09-2015 gui mail cho emaillucnam@gmail.com THANH CONG

17.09.2015 - 18:48 Ngay 17-09-2015 gui mail cho emailhiephoa@gmail.com THANH CONG

17.09.2015 - 18:48 Ngay 17-09-2015 gui mail cho emailyenthe@gmail.com THANH CONG

17.09.2015 - 18:49 Ngay 17-09-2015 gui mail cho emailhiephoa@gmail.com THANH CONG

17.09.2015 - 18:49 Ngay 17-09-2015 gui mail cho emailtpbacgiang@gmail.com THANH CONG

17.09.2015 - 18:50 Ngay 17-09-2015 gui mail cho emaillucnam@gmail.com THANH CONG

17.09.2015 - 19:04 Ngay 17-09-2015 gui mail cho emaillucnam@gmail.com THANH CONG

17.09.2015 - 19:11 Ngay 17-09-2015 gui mail cho emaillucnam@gmail.com THANH CONG

17.09.2015 - 19:17 Ngay 17-09-2015 gui mail cho emaillucnam@gmail.com THANH CONG

17.09.2015 - 19:18 Ngay 17-09-2015 gui mail cho emaillucnam@gmail.com THANH CONG

17.09.2015 - 19:18 Ngay 17-09-2015 gui mail cho emailhiephoa@gmail.com THANH CONG

17.09.2015 - 19:18 Ngay 17-09-2015 gui mail cho emailhiephoa@gmail.com THANH CONG

17.09.2015 - 19:19 Ngay 17-09-2015 gui mail cho emaillucnam@gmail.com THANH CONG

17.09.2015 - 19:23 Ngay 17-09-2015 gui mail cho emailtpbacgiang@gmail.com THANH CONG

17.09.2015 - 19:23 Ngay 17-09-2015 gui mail cho emailhiephoa@gmail.com THANH CONG

17.09.2015 - 19:27 Ngay 17-09-2015 gui mail cho emailhiephoa@gmail.com THANH CONG

17.09.2015 - 19:28 Ngay 17-09-2015 gui mail cho emailhiephoa@gmail.com THANH CONG

17.09.2015 - 19:30 Ngay 17-09-2015 gui mail cho emailhiephoa@gmail.com THANH CONG

17.09.2015 - 19:31 Ngay 17-09-2015 gui mail cho emailhiephoa@gmail.com THANH CONG

17.09.2015 - 19:31 Ngay 17-09-2015 gui mail cho emaillucnam@gmail.com THANH CONG

17.09.2015 - 19:33 Ngay 17-09-2015 gui mail cho emaillucnam@gmail.com THANH CONG

17.09.2015 - 19:41 Ngay 17-09-2015 gui mail cho emaillucnam@gmail.com THANH CONG

17.09.2015 - 19:48 Ngay 17-09-2015 gui mail cho emaillucnam@gmail.com THANH CONG

17.09.2015 - 19:48 Ngay 17-09-2015 gui mail cho emaillucnam@gmail.com THANH CONG

17.09.2015 - 20:18 Ngay 17-09-2015 gui mail cho emaillucnam@gmail.com THANH CONG

17.09.2015 - 20:18 Ngay 17-09-2015 gui mail cho emaillucnam@gmail.com THANH CONG

17.09.2015 - 20:48 Ngay 17-09-2015 gui mail cho emaillucnam@gmail.com THANH CONG

17.09.2015 - 20:48 Ngay 17-09-2015 gui mail cho emaillucnam@gmail.com THANH CONG

17.09.2015 - 21:18 Ngay 17-09-2015 gui mail cho emaillucnam@gmail.com THANH CONG

17.09.2015 - 21:18 Ngay 17-09-2015 gui mail cho emaillucnam@gmail.com THANH CONG

17.09.2015 - 21:48 Ngay 17-09-2015 gui mail cho emaillucnam@gmail.com THANH CONG

17.09.2015 - 21:48 Ngay 17-09-2015 gui mail cho emaillucnam@gmail.com THANH CONG

17.09.2015 - 22:18 Ngay 17-09-2015 gui mail cho emaillucnam@gmail.com THANH CONG

17.09.2015 - 22:18 Ngay 17-09-2015 gui mail cho emaillucnam@gmail.com THANH CONG

17.09.2015 - 22:48 Ngay 17-09-2015 gui mail cho emaillucnam@gmail.com THANH CONG

17.09.2015 - 22:48 Ngay 17-09-2015 gui mail cho emaillucnam@gmail.com THANH CONG

17.09.2015 - 23:18 Ngay 17-09-2015 gui mail cho emaillucnam@gmail.com THANH CONG

17.09.2015 - 23:18 Ngay 17-09-2015 gui mail cho emaillucnam@gmail.com THANH CONG

17.09.2015 - 23:48 Ngay 17-09-2015 gui mail cho emaillucnam@gmail.com THANH CONG

17.09.2015 - 23:48 Ngay 17-09-2015 gui mail cho emaillucnam@gmail.com THANH CONG

18.09.2015 - 00:23 Ngay 18-09-2015 gui mail cho emaillucnam@gmail.com THANH CONG

18.09.2015 - 00:23 Ngay 18-09-2015 gui mail cho emaillucnam@gmail.com THANH CONG

18.09.2015 - 08:05 Ngay 18-09-2015 gui mail cho emailhiephoa@gmail.com THANH CONG

18.09.2015 - 08:06 Ngay 18-09-2015 gui mail cho emailhiephoa@gmail.com THANH CONG

18.09.2015 - 08:08 Ngay 18-09-2015 gui mail cho emailyenthe@gmail.com THANH CONG

07.12.2015 - 15:48 Ngay 07-12-2015 gui mail cho emailyenthe@gmail.com THANH CONG

18.12.2015 - 10:45 Ngay 18-12-2015 gui mail cho captrongdat221989@gmail.com THANH CONG

22.12.2015 - 09:18 Ngay 22-12-2015 gui mail cho emailtpbacgiang@gmail.com THANH CONG

23.12.2015 - 14:56 Ngay 23-12-2015 gui mail cho xuanthang04783@gmail.com THANH CONG

23.12.2015 - 14:58 Ngay 23-12-2015 gui mail cho xuanthang04783@gmail.com THANH CONG

23.12.2015 - 15:03 Ngay 23-12-2015 gui mail cho xuanthang04783@gmail.com THANH CONG

03.03.2016 - 17:08 Ngay 03-03-2016 gui mail cho emailtpbacgiang@gmail.com THANH CONG

03.03.2016 - 17:11 Ngay 03-03-2016 gui mail cho emailtpbacgiang@gmail.com THANH CONG

03.03.2016 - 17:14 Ngay 03-03-2016 gui mail cho emailtpbacgiang@gmail.com THANH CONG

03.03.2016 - 17:19 Ngay 03-03-2016 gui mail cho emailtpbacgiang@gmail.com THANH CONG

03.03.2016 - 17:21 Ngay 03-03-2016 gui mail cho emailtpbacgiang@gmail.com THANH CONG

03.03.2016 - 17:37 Ngay 03-03-2016 gui mail cho emailtpbacgiang@gmail.com THANH CONG

03.03.2016 - 17:39 Ngay 03-03-2016 gui mail cho emailtpbacgiang@gmail.com THANH CONG

03.03.2016 - 17:49 Ngay 03-03-2016 gui mail cho emailtpbacgiang@gmail.com THANH CONG

03.03.2016 - 18:03 Ngay 03-03-2016 gui mail cho emailtpbacgiang@gmail.com THANH CONG

03.03.2016 - 18:06 Ngay 03-03-2016 gui mail cho emailtpbacgiang@gmail.com THANH CONG

03.03.2016 - 18:09 Ngay 03-03-2016 gui mail cho emailtpbacgiang@gmail.com THANH CONG
